<?xml version="1.0" encoding="UTF-8"?>
<testng-results ignored="0" total="1" passed="1" failed="0" skipped="0">
  <reporter-output>
  </reporter-output>
  <suite started-at="2023-11-23T18:29:09 IST" name="Default suite" finished-at="2023-11-23T18:29:19 IST" duration-ms="10606">
    <groups>
    </groups>
    <test started-at="2023-11-23T18:29:09 IST" name="Default test" finished-at="2023-11-23T18:29:19 IST" duration-ms="10606">
      <class name="module1_loginetest.swaglablogintest">
        <test-method is-config="true" signature="openbrowser()[pri:0, instance:module1_loginetest.swaglablogintest@34123d65]" started-at="2023-11-23T18:29:09 IST" name="openbrowser" finished-at="2023-11-23T18:29:12 IST" duration-ms="3558" status="PASS">
          <reporter-output>
          </reporter-output>
        </test-method> <!-- openbrowser -->
        <test-method is-config="true" signature="logingtoaap()[pri:0, instance:module1_loginetest.swaglablogintest@34123d65]" started-at="2023-11-23T18:29:12 IST" name="logingtoaap" finished-at="2023-11-23T18:29:14 IST" duration-ms="2251" status="PASS">
          <reporter-output>
          </reporter-output>
        </test-method> <!-- logingtoaap -->
        <test-method signature="verifiedtital()[pri:0, instance:module1_loginetest.swaglablogintest@34123d65]" started-at="2023-11-23T18:29:14 IST" name="verifiedtital" finished-at="2023-11-23T18:29:17 IST" duration-ms="2409" status="PASS">
          <reporter-output>
          </reporter-output>
        </test-method> <!-- verifiedtital -->
        <test-method is-config="true" signature="logoutapp(org.testng.ITestResult)[pri:0, instance:module1_loginetest.swaglablogintest@34123d65]" started-at="2023-11-23T18:29:17 IST" name="logoutapp" finished-at="2023-11-23T18:29:19 IST" duration-ms="2168" status="PASS">
          <params>
            <param index="0">
              <value>
                <![CDATA[[TestResult name=verifiedtital status=SUCCESS method=swaglablogintest.verifiedtital()[pri:0, instance:module1_loginetest.swaglablogintest@34123d65] output={null}]]]>
              </value>
            </param>
          </params>
          <reporter-output>
          </reporter-output>
        </test-method> <!-- logoutapp -->
        <test-method is-config="true" signature="closebrowser()[pri:0, instance:module1_loginetest.swaglablogintest@34123d65]" started-at="2023-11-23T18:29:19 IST" name="closebrowser" finished-at="2023-11-23T18:29:19 IST" duration-ms="193" status="PASS">
          <reporter-output>
          </reporter-output>
        </test-method> <!-- closebrowser -->
      </class> <!-- module1_loginetest.swaglablogintest -->
    </test> <!-- Default test -->
  </suite> <!-- Default suite -->
</testng-results>
